2020-09-26 14:12:02 DEBUG incoming request for createUser UserController ::::User [id=0, userName=aaa]
2020-09-26 14:12:02 DEBUG response for createUser UserServiceImpl ::::User [id=0, userName=aaa]
2020-09-26 14:12:02 DEBUG response for createUser UserServiceImpl ::::User [id=83, userName=aaa]
2020-09-26 14:12:02 DEBUG response for createUser UserController ::::com.poc.response.SuccessResponse@2bc2e949
2020-09-26 14:12:05 DEBUG incoming request for createUser UserController ::::User [id=0, userName=aaa]
2020-09-26 14:12:05 DEBUG response for createUser UserServiceImpl ::::User [id=0, userName=aaa]
2020-09-26 14:12:05 DEBUG error response for createUser UserServiceImpl ::::could not execute statement; SQL [n/a]; constraint [UK_lqjrcobrh9jc8wpcar64q1bfh]; nested exception is org.hibernate.exception.ConstraintViolationException: could not execute statement
2020-09-26 14:12:05 DEBUG response for createUser UserController ::::com.poc.response.SuccessResponse@2bc2e949
2020-09-26 14:15:31 DEBUG incoming request for createUser UserController ::::User [id=0, userName=aaa]
2020-09-26 14:15:31 DEBUG response for createUser UserServiceImpl ::::User [id=0, userName=aaa]
2020-09-26 14:16:21 DEBUG incoming request for createUser UserController ::::User [id=0, userName=aaa]
2020-09-26 14:16:21 DEBUG response for createUser UserServiceImpl ::::User [id=0, userName=aaa]
2020-09-26 14:17:16 DEBUG incoming request for createUser UserController ::::User [id=0, userName=aaa]
2020-09-26 14:17:16 DEBUG response for createUser UserServiceImpl ::::User [id=0, userName=aaa]
2020-09-26 14:27:44 DEBUG incoming request for createUser UserController ::::User [id=0, userName=aaa]
2020-09-26 14:27:44 DEBUG response for createUser UserServiceImpl ::::User [id=0, userName=aaa]
2020-09-26 14:27:53 DEBUG incoming request for createUser UserController ::::User [id=0, userName=aaa]
2020-09-26 14:27:53 DEBUG response for createUser UserServiceImpl ::::User [id=0, userName=aaa]
2020-09-26 14:32:04 DEBUG incoming request for createUser UserController ::::User [id=0, userName=aaa]
2020-09-26 14:32:04 DEBUG response for createUser UserServiceImpl ::::User [id=0, userName=aaa]
2020-09-26 14:32:05 DEBUG error response for createUser UserServiceImpl ::::could not execute statement; SQL [n/a]; constraint [UK_lqjrcobrh9jc8wpcar64q1bfh]; nested exception is org.hibernate.exception.ConstraintViolationException: could not execute statement
2020-09-26 14:36:36 DEBUG incoming request for createUser UserController ::::User [id=0, userName=aaa]
2020-09-26 14:36:36 DEBUG response for createUser UserServiceImpl ::::User [id=0, userName=aaa]
2020-09-26 14:37:32 DEBUG incoming request for createUser UserController ::::User [id=0, userName=aaa]
2020-09-26 14:37:32 DEBUG response for createUser UserServiceImpl ::::User [id=0, userName=aaa]
2020-09-26 14:38:40 DEBUG incoming request for createUser UserController ::::User [id=0, userName=aaa]
2020-09-26 14:38:43 DEBUG response for createUser UserServiceImpl ::::User [id=0, userName=aaa]
2020-09-26 14:39:44 DEBUG incoming request for createUser UserController ::::User [id=0, userName=aaa]
2020-09-26 14:39:44 DEBUG response for createUser UserServiceImpl ::::User [id=0, userName=aaa]
2020-09-26 14:43:07 DEBUG incoming request for createUser UserController ::::User [id=0, userName=aaa]
2020-09-26 14:43:09 DEBUG response for createUser UserServiceImpl ::::User [id=0, userName=aaa]
2020-09-26 14:49:04 DEBUG incoming request for createUser UserController ::::User [id=0, userName=aaa]
2020-09-26 14:49:05 DEBUG response for createUser UserServiceImpl ::::User [id=0, userName=aaa]
2020-09-26 14:49:45 DEBUG incoming request for createUser UserController ::::User [id=0, userName=aaa]
2020-09-26 14:49:45 DEBUG response for createUser UserServiceImpl ::::User [id=0, userName=aaa]
2020-09-26 14:51:27 DEBUG incoming request for createUser UserController ::::User [id=0, userName=aaa]
2020-09-26 14:51:27 DEBUG response for createUser UserServiceImpl ::::User [id=0, userName=aaa]
2020-09-26 14:51:43 DEBUG incoming request for createUser UserController ::::User [id=0, userName=aaaa]
2020-09-26 14:51:43 DEBUG response for createUser UserServiceImpl ::::User [id=0, userName=aaaa]
2020-09-26 14:51:43 DEBUG response for createUser UserServiceImpl ::::User [id=99, userName=aaaa]
2020-09-26 14:51:43 DEBUG response for createUser UserController ::::com.poc.response.SuccessResponse@66c1c482
2020-09-26 14:56:03 DEBUG incoming request for createJob JobController ::::Job [id=0, jobTitle=Java Developer, jobDescription=Need POC for Ecommerce website using spring boot with micro service., country=IND, state=TN, availability=Part-Time, replyRate=1, payRate=44, experience=5, skills=Java, Spring Boot, Hibernate, Micro Service, Oracle, REST, language=English, jobType=Development, userInfo=User [id=0, userName=New Way Coders]]
2020-09-26 14:56:03 DEBUG incoming request for createJob JobServiceImpl ::::Job [id=0, jobTitle=Java Developer, jobDescription=Need POC for Ecommerce website using spring boot with micro service., country=IND, state=TN, availability=Part-Time, replyRate=1, payRate=44, experience=5, skills=Java, Spring Boot, Hibernate, Micro Service, Oracle, REST, language=English, jobType=Development, userInfo=User [id=0, userName=New Way Coders]]
2020-09-26 14:56:03 DEBUG response for createJob JobServiceImpl ::::Job [id=100, jobTitle=Java Developer, jobDescription=Need POC for Ecommerce website using spring boot with micro service., country=IND, state=TN, availability=Part-Time, replyRate=1, payRate=44, experience=5, skills=Java, Spring Boot, Hibernate, Micro Service, Oracle, REST, language=English, jobType=Development, userInfo=User [id=101, userName=New Way Coders]]
2020-09-26 14:56:03 DEBUG response for createJob JobController ::::com.poc.response.SuccessResponse@700545e7
