2020-09-25 14:10:25 DEBUG ---Into the findJobByLanguage Method---
2020-09-25 14:17:30 DEBUG ---Into the PostJob Method---
2020-09-25 14:18:20 DEBUG ---Into the findBySkillsContaining Method---
2020-09-25 14:18:42 DEBUG ---Into the findBySkillsContaining Method---
2020-09-25 14:21:03 DEBUG ---Into the PostJob Method---
2020-09-25 14:23:13 DEBUG ---Into the findBySkillsContaining Method---
2020-09-25 14:25:51 DEBUG ---Into the findBySkillsContaining Method---
2020-09-25 14:32:24 DEBUG ---Into the PostJob Method---
2020-09-25 14:35:54 DEBUG ---Into the PostJob Method---
2020-09-25 15:40:24 DEBUG ---Into the uploadFile Method---
2020-09-25 15:59:10 DEBUG ---Into the uploadFile Method---
2020-09-25 16:01:27 DEBUG ---Into the PostJob Method---
2020-09-25 16:07:20 DEBUG ---Into the uploadFile Method---
2020-09-25 16:08:03 DEBUG ---Into the uploadFile Method---
2020-09-25 16:08:04 DEBUG ---Into the uploadFile Method---
2020-09-25 16:08:05 DEBUG ---Into the uploadFile Method---
2020-09-25 16:08:06 DEBUG ---Into the uploadFile Method---
2020-09-25 16:08:12 DEBUG ---Into the uploadFile Method---
2020-09-25 16:08:13 DEBUG ---Into the uploadFile Method---
2020-09-25 16:08:16 DEBUG ---Into the uploadFile Method---
2020-09-25 16:08:51 DEBUG ---Into the uploadFile Method---
2020-09-25 16:11:30 DEBUG ---Into the uploadFile Method---
2020-09-25 16:12:43 DEBUG ---Into the uploadFile Method---
2020-09-25 16:14:39 DEBUG ---Into the uploadFile Method---
2020-09-25 16:14:40 DEBUG ---Into the uploadFile Method---
2020-09-25 16:17:04 DEBUG ---Into the uploadFile Method---
2020-09-25 16:20:12 DEBUG ---Into the uploadFile Method---
2020-09-25 16:25:56 DEBUG ---Into the PostJob Method---
2020-09-25 16:28:41 DEBUG ---Into the uploadFile Method---
2020-09-25 16:34:17 DEBUG ---Into the PostJob Method---
2020-09-25 16:35:21 DEBUG ---Into the PostJob Method---
2020-09-25 16:36:25 DEBUG ---Into the uploadFile Method---
2020-09-25 16:39:17 DEBUG ---Into the uploadFile Method---
2020-09-25 16:39:18 DEBUG ---Into the uploadFile Method---
2020-09-25 16:45:19 DEBUG ---Into the uploadFile Method---
2020-09-25 16:46:21 DEBUG ---Into the uploadFile Method---
2020-09-25 16:48:15 DEBUG ---Into the uploadFile Method---
2020-09-25 16:48:18 DEBUG ---Into the uploadFile Method---
2020-09-25 17:34:39 INFO  Xl file Data posting success.........
2020-09-25 17:34:39 DEBUG Data posted.......
2020-09-25 17:35:21 INFO  Xl file Data posting success.........
2020-09-25 17:35:21 DEBUG Data posted.......
2020-09-25 17:37:41 DEBUG ---Into the PostJob Method---
2020-09-25 17:40:35 DEBUG ---Into the getByPayRate Method---
2020-09-25 17:41:38 DEBUG ---Into the PostJob Method---
2020-09-25 17:41:50 DEBUG ---Into the getByPayRate Method---
2020-09-25 17:42:17 DEBUG ---Into the getByPayRate Method---
2020-09-26 12:11:45 DEBUG ---Into the PostJob Method---
2020-09-26 12:13:42 DEBUG ---Into the getJobById Method---
2020-09-26 12:17:35 DEBUG ---Into the getByPayRate Method---
2020-09-26 12:18:28 DEBUG ---Into the PostJob Method---
2020-09-26 12:19:36 DEBUG ---Into the getJobById Method---
2020-09-26 12:22:03 DEBUG ---Into the getJobById Method---
2020-09-26 12:46:44 DEBUG ---Into the getByPayRate Method---
2020-09-26 13:15:16 DEBUG ---Into the getByPayRate Method---
2020-09-26 13:16:13 DEBUG ---Into the PostJob Method---
2020-09-26 13:17:26 DEBUG ---Into the PostJob Method---
2020-09-26 13:17:39 DEBUG ---Into the PostJob Method---
2020-09-26 13:18:11 DEBUG ---Into the PostJob Method---
2020-09-26 14:32:48 INFO  Xl file Data posting success.........
2020-09-26 14:32:48 DEBUG Data posted.......
2020-09-28 12:41:50 DEBUG ---Into the PostJob Method---
